# JRE version: OpenJDK Runtime Environment (17.0.6) (build 17.0.6+0-b2043.56-10027231)
# Java VM: OpenJDK 64-Bit Server VM (17.0.6+0-b2043.56-10027231, mixed mode, tiered, compressed oops, compressed class ptrs, g1 gc, windows-amd64)
GC Precious Log:
 CPUs: 12 total, 12 available
 Memory: 16197M
 Large Page Support: Disabled
 NUMA Support: Disabled
 Compressed Oops: Enabled (32-bit)
 Heap Region Size: 1M
 Heap Min Capacity: 8M
 Heap Initial Capacity: 254M
 Heap Max Capacity: 2G
 Pre-touch: Disabled
 Parallel Workers: 10
 Concurrent Workers: 3
 Concurrent Refinement Workers: 10
 Periodic GC: Disabled
Heap:
 garbage-first heap   total 348160K, used 141266K [0x0000000080000000, 0x0000000100000000)
  region size 1024K, 2 young (2048K), 2 survivors (2048K)
 Metaspace       used 150016K, committed 152064K, reserved 1187840K
  class space    used 20257K, committed 21312K, reserved 1048576K
GC Heap History (20 events):
Event: 18554.766 GC heap after
{Heap after GC invocations=111 (full 1):
 garbage-first heap   total 348160K, used 111370K [0x0000000080000000, 0x0000000100000000)
  region size 1024K, 2 young (2048K), 2 survivors (2048K)
 Metaspace       used 149365K, committed 151552K, reserved 1187840K
  class space    used 20237K, committed 21312K, reserved 1048576K
}
Event: 18557.124 GC heap before
{Heap before GC invocations=111 (full 1):
 garbage-first heap   total 348160K, used 224010K [0x0000000080000000, 0x0000000100000000)
  region size 1024K, 114 young (116736K), 2 survivors (2048K)
 Metaspace       used 149622K, committed 151616K, reserved 1187840K
  class space    used 20250K, committed 21312K, reserved 1048576K
}
Event: 18557.127 GC heap after
{Heap after GC invocations=112 (full 1):
 garbage-first heap   total 348160K, used 114908K [0x0000000080000000, 0x0000000100000000)
  region size 1024K, 6 young (6144K), 6 survivors (6144K)
 Metaspace       used 149622K, committed 151616K, reserved 1187840K
  class space    used 20250K, committed 21312K, reserved 1048576K
}
Event: 18690.806 GC heap before
{Heap before GC invocations=113 (full 1):
 garbage-first heap   total 348160K, used 299228K [0x0000000080000000, 0x0000000100000000)
  region size 1024K, 167 young (171008K), 6 survivors (6144K)
 Metaspace       used 149705K, committed 151744K, reserved 1187840K
  class space    used 20248K, committed 21312K, reserved 1048576K
}
Event: 18690.813 GC heap after
{Heap after GC invocations=114 (full 1):
 garbage-first heap   total 348160K, used 127771K [0x0000000080000000, 0x0000000100000000)
  region size 1024K, 18 young (18432K), 18 survivors (18432K)
 Metaspace       used 149705K, committed 151744K, reserved 1187840K
  class space    used 20248K, committed 21312K, reserved 1048576K
}
Event: 18690.814 GC heap before
{Heap before GC invocations=114 (full 1):
 garbage-first heap   total 348160K, used 128795K [0x0000000080000000, 0x0000000100000000)
  region size 1024K, 19 young (19456K), 18 survivors (18432K)
 Metaspace       used 149705K, committed 151744K, reserved 1187840K
  class space    used 20248K, committed 21312K, reserved 1048576K
}
Event: 18690.823 GC heap after
{Heap after GC invocations=115 (full 1):
 garbage-first heap   total 348160K, used 128339K [0x0000000080000000, 0x0000000100000000)
  region size 1024K, 2 young (2048K), 2 survivors (2048K)
 Metaspace       used 149705K, committed 151744K, reserved 1187840K
  class space    used 20248K, committed 21312K, reserved 1048576K
}
Event: 18690.880 GC heap before
{Heap before GC invocations=115 (full 1):
 garbage-first heap   total 348160K, used 157011K [0x0000000080000000, 0x0000000100000000)
  region size 1024K, 32 young (32768K), 2 survivors (2048K)
 Metaspace       used 149734K, committed 151808K, reserved 1187840K
  class space    used 20249K, committed 21312K, reserved 1048576K
}
Event: 18690.882 GC heap after
{Heap after GC invocations=116 (full 1):
 garbage-first heap   total 348160K, used 128100K [0x0000000080000000, 0x0000000100000000)
  region size 1024K, 2 young (2048K), 2 survivors (2048K)
 Metaspace       used 149734K, committed 151808K, reserved 1187840K
  class space    used 20249K, committed 21312K, reserved 1048576K
}
Event: 18775.158 GC heap before
{Heap before GC invocations=117 (full 1):
 garbage-first heap   total 348160K, used 300132K [0x0000000080000000, 0x0000000100000000)
  region size 1024K, 153 young (156672K), 2 survivors (2048K)
 Metaspace       used 149817K, committed 151872K, reserved 1187840K
  class space    used 20254K, committed 21312K, reserved 1048576K
}
Event: 18775.164 GC heap after
{Heap after GC invocations=118 (full 1):
 garbage-first heap   total 348160K, used 138245K [0x0000000080000000, 0x0000000100000000)
  region size 1024K, 14 young (14336K), 14 survivors (14336K)
 Metaspace       used 149817K, committed 151872K, reserved 1187840K
  class space    used 20254K, committed 21312K, reserved 1048576K
}
Event: 18775.168 GC heap before
{Heap before GC invocations=118 (full 1):
 garbage-first heap   total 348160K, used 141317K [0x0000000080000000, 0x0000000100000000)
  region size 1024K, 17 young (17408K), 14 survivors (14336K)
 Metaspace       used 149817K, committed 151872K, reserved 1187840K
  class space    used 20254K, committed 21312K, reserved 1048576K
}
Event: 18775.173 GC heap after
{Heap after GC invocations=119 (full 1):
 garbage-first heap   total 348160K, used 135430K [0x0000000080000000, 0x0000000100000000)
  region size 1024K, 1 young (1024K), 1 survivors (1024K)
 Metaspace       used 149817K, committed 151872K, reserved 1187840K
  class space    used 20254K, committed 21312K, reserved 1048576K
}
Event: 18775.238 GC heap before
{Heap before GC invocations=119 (full 1):
 garbage-first heap   total 348160K, used 171270K [0x0000000080000000, 0x0000000100000000)
  region size 1024K, 38 young (38912K), 1 survivors (1024K)
 Metaspace       used 149831K, committed 151872K, reserved 1187840K
  class space    used 20254K, committed 21312K, reserved 1048576K
}
Event: 18775.240 GC heap after
{Heap after GC invocations=120 (full 1):
 garbage-first heap   total 348160K, used 135278K [0x0000000080000000, 0x0000000100000000)
  region size 1024K, 1 young (1024K), 1 survivors (1024K)
 Metaspace       used 149831K, committed 151872K, reserved 1187840K
  class space    used 20254K, committed 21312K, reserved 1048576K
}
Event: 18985.699 GC heap before
{Heap before GC invocations=121 (full 1):
 garbage-first heap   total 348160K, used 301166K [0x0000000080000000, 0x0000000100000000)
  region size 1024K, 148 young (151552K), 1 survivors (1024K)
 Metaspace       used 149995K, committed 152064K, reserved 1187840K
  class space    used 20257K, committed 21312K, reserved 1048576K
}
Event: 18985.705 GC heap after
{Heap after GC invocations=122 (full 1):
 garbage-first heap   total 348160K, used 144897K [0x0000000080000000, 0x0000000100000000)
  region size 1024K, 15 young (15360K), 15 survivors (15360K)
 Metaspace       used 149995K, committed 152064K, reserved 1187840K
  class space    used 20257K, committed 21312K, reserved 1048576K
}
Event: 18985.707 GC heap before
{Heap before GC invocations=122 (full 1):
 garbage-first heap   total 348160K, used 146945K [0x0000000080000000, 0x0000000100000000)
  region size 1024K, 17 young (17408K), 15 survivors (15360K)
 Metaspace       used 149995K, committed 152064K, reserved 1187840K
  class space    used 20257K, committed 21312K, reserved 1048576K
}
Event: 18985.715 GC heap after
{Heap after GC invocations=123 (full 1):
 garbage-first heap   total 348160K, used 140977K [0x0000000080000000, 0x0000000100000000)
  region size 1024K, 1 young (1024K), 1 survivors (1024K)
 Metaspace       used 149995K, committed 152064K, reserved 1187840K
  class space    used 20257K, committed 21312K, reserved 1048576K
}
Event: 18985.781 GC heap before
{Heap before GC invocations=123 (full 1):
 garbage-first heap   total 348160K, used 186033K [0x0000000080000000, 0x0000000100000000)
  region size 1024K, 47 young (48128K), 1 survivors (1024K)
 Metaspace       used 150016K, committed 152064K, reserved 1187840K
  class space    used 20257K, committed 21312K, reserved 1048576K
}

